Fri May 12 2017 00:07:25 GMT+0530 (India Standard Time): GET : /about
Fri May 12 2017 00:07:27 GMT+0530 (India Standard Time): GET : /about
Fri May 12 2017 00:07:40 GMT+0530 (India Standard Time): GET : /
Fri May 12 2017 00:08:36 GMT+0530 (India Standard Time): GET : /
Fri May 12 2017 00:08:37 GMT+0530 (India Standard Time): GET : /
Fri May 12 2017 00:08:39 GMT+0530 (India Standard Time): GET : /about
Fri May 12 2017 00:09:06 GMT+0530 (India Standard Time): GET : /
Fri May 12 2017 00:13:07 GMT+0530 (India Standard Time): GET : /about
Fri May 12 2017 00:13:10 GMT+0530 (India Standard Time): GET : /
Fri May 12 2017 00:40:02 GMT+0530 (India Standard Time): GET : /
Fri May 12 2017 00:41:34 GMT+0530 (India Standard Time): GET : /
Fri May 12 2017 00:41:36 GMT+0530 (India Standard Time): GET : /
Fri May 12 2017 00:41:51 GMT+0530 (India Standard Time): GET : /
Fri May 12 2017 00:41:52 GMT+0530 (India Standard Time): GET : /
Fri May 12 2017 00:42:03 GMT+0530 (India Standard Time): GET : /
Fri May 12 2017 00:42:23 GMT+0530 (India Standard Time): GET : /
Fri May 12 2017 00:42:27 GMT+0530 (India Standard Time): GET : /
Fri May 12 2017 00:42:28 GMT+0530 (India Standard Time): GET : /
Fri May 12 2017 00:43:05 GMT+0530 (India Standard Time): GET : /
Fri May 12 2017 00:43:06 GMT+0530 (India Standard Time): GET : /
Fri May 12 2017 00:43:06 GMT+0530 (India Standard Time): GET : /
Fri May 12 2017 00:44:36 GMT+0530 (India Standard Time): GET : /
Fri May 12 2017 00:44:50 GMT+0530 (India Standard Time): GET : /
Fri May 12 2017 00:44:51 GMT+0530 (India Standard Time): GET : /
Fri May 12 2017 00:44:52 GMT+0530 (India Standard Time): GET : /
Fri May 12 2017 00:44:52 GMT+0530 (India Standard Time): GET : /
Fri May 12 2017 00:44:52 GMT+0530 (India Standard Time): GET : /
Fri May 12 2017 00:45:35 GMT+0530 (India Standard Time): GET : /
Fri May 12 2017 00:46:31 GMT+0530 (India Standard Time): GET : /
Fri May 12 2017 00:46:32 GMT+0530 (India Standard Time): GET : /
Fri May 12 2017 00:47:03 GMT+0530 (India Standard Time): GET : /
Fri May 12 2017 00:47:16 GMT+0530 (India Standard Time): GET : /
Fri May 12 2017 00:47:17 GMT+0530 (India Standard Time): GET : /about
Fri May 12 2017 00:48:20 GMT+0530 (India Standard Time): GET : /about
Fri May 12 2017 00:48:23 GMT+0530 (India Standard Time): GET : /
Fri May 12 2017 00:48:24 GMT+0530 (India Standard Time): GET : /about
Fri May 12 2017 00:48:55 GMT+0530 (India Standard Time): GET : /
Fri May 12 2017 00:48:58 GMT+0530 (India Standard Time): GET : /
Fri May 12 2017 00:54:25 GMT+0530 (India Standard Time): GET : /help.html
Fri May 12 2017 00:54:37 GMT+0530 (India Standard Time): GET : /
Fri May 12 2017 00:54:38 GMT+0530 (India Standard Time): GET : /about
Thu May 18 2017 15:31:14 GMT+0530 (India Standard Time): GET : /
Thu May 18 2017 15:31:14 GMT+0530 (India Standard Time): GET : /favicon.ico
Thu May 18 2017 15:31:50 GMT+0530 (India Standard Time): GET : /
Thu May 18 2017 15:31:50 GMT+0530 (India Standard Time): GET : /favicon.ico
Thu May 18 2017 15:31:51 GMT+0530 (India Standard Time): GET : /
Thu May 18 2017 15:31:51 GMT+0530 (India Standard Time): GET : /favicon.ico
Thu May 18 2017 15:31:51 GMT+0530 (India Standard Time): GET : /about
Thu May 18 2017 15:31:52 GMT+0530 (India Standard Time): GET : /favicon.ico
Thu May 18 2017 15:32:18 GMT+0530 (India Standard Time): GET : /
Thu May 18 2017 15:32:18 GMT+0530 (India Standard Time): GET : /favicon.ico
Thu May 18 2017 15:32:20 GMT+0530 (India Standard Time): GET : /
Thu May 18 2017 15:32:20 GMT+0530 (India Standard Time): GET : /favicon.ico
Thu May 18 2017 15:33:08 GMT+0530 (India Standard Time): GET : /
Thu May 18 2017 15:33:08 GMT+0530 (India Standard Time): GET : /favicon.ico
Thu May 18 2017 15:33:09 GMT+0530 (India Standard Time): GET : /
Thu May 18 2017 15:33:09 GMT+0530 (India Standard Time): GET : /favicon.ico
Thu May 18 2017 15:33:32 GMT+0530 (India Standard Time): GET : /
Thu May 18 2017 15:33:32 GMT+0530 (India Standard Time): GET : /favicon.ico
Thu May 18 2017 15:33:33 GMT+0530 (India Standard Time): GET : /
Thu May 18 2017 15:33:33 GMT+0530 (India Standard Time): GET : /favicon.ico
Thu May 18 2017 15:33:33 GMT+0530 (India Standard Time): GET : /
Thu May 18 2017 15:33:34 GMT+0530 (India Standard Time): GET : /favicon.ico
Thu May 18 2017 15:33:34 GMT+0530 (India Standard Time): GET : /
Thu May 18 2017 15:33:34 GMT+0530 (India Standard Time): GET : /favicon.ico
Thu May 18 2017 15:33:34 GMT+0530 (India Standard Time): GET : /
Thu May 18 2017 15:33:34 GMT+0530 (India Standard Time): GET : /favicon.ico
Thu May 18 2017 15:33:35 GMT+0530 (India Standard Time): GET : /
Thu May 18 2017 15:33:35 GMT+0530 (India Standard Time): GET : /favicon.ico
Thu May 18 2017 15:34:13 GMT+0530 (India Standard Time): GET : /
Thu May 18 2017 15:34:14 GMT+0530 (India Standard Time): GET : /favicon.ico
Thu May 18 2017 15:34:15 GMT+0530 (India Standard Time): GET : /
Thu May 18 2017 15:34:15 GMT+0530 (India Standard Time): GET : /favicon.ico
Thu May 18 2017 15:34:16 GMT+0530 (India Standard Time): GET : /
Thu May 18 2017 15:34:16 GMT+0530 (India Standard Time): GET : /favicon.ico
Thu May 18 2017 15:35:26 GMT+0530 (India Standard Time): GET : /
Thu May 18 2017 15:35:27 GMT+0530 (India Standard Time): GET : /favicon.ico
Thu May 18 2017 15:36:06 GMT+0530 (India Standard Time): GET : /
Thu May 18 2017 15:36:56 GMT+0530 (India Standard Time): GET : /
Thu May 18 2017 15:37:11 GMT+0530 (India Standard Time): GET : /
Thu May 18 2017 15:37:20 GMT+0530 (India Standard Time): GET : /
Thu May 18 2017 15:37:22 GMT+0530 (India Standard Time): GET : /
Thu May 18 2017 15:37:24 GMT+0530 (India Standard Time): GET : /
Thu May 18 2017 15:37:25 GMT+0530 (India Standard Time): GET : /about
Thu May 18 2017 15:37:59 GMT+0530 (India Standard Time): GET : /about
Thu May 18 2017 15:38:01 GMT+0530 (India Standard Time): GET : /about
Thu May 18 2017 15:38:02 GMT+0530 (India Standard Time): GET : /about
Thu May 18 2017 15:38:03 GMT+0530 (India Standard Time): GET : /about
Thu May 18 2017 15:38:04 GMT+0530 (India Standard Time): GET : /
Thu May 18 2017 15:38:05 GMT+0530 (India Standard Time): GET : /about
Thu May 18 2017 15:41:42 GMT+0530 (India Standard Time): GET : /about
Thu May 18 2017 15:45:14 GMT+0530 (India Standard Time): GET : /about
Thu May 18 2017 15:45:17 GMT+0530 (India Standard Time): GET : /
Thu May 18 2017 20:53:51 GMT+0530 (India Standard Time): GET : /
Thu May 18 2017 20:53:53 GMT+0530 (India Standard Time): GET : /projects
Thu May 18 2017 20:54:00 GMT+0530 (India Standard Time): GET : /about
Thu May 18 2017 20:54:56 GMT+0530 (India Standard Time): GET : /about
Thu May 18 2017 20:54:57 GMT+0530 (India Standard Time): GET : /projects
Thu May 18 2017 20:54:58 GMT+0530 (India Standard Time): GET : /
Thu May 18 2017 20:55:00 GMT+0530 (India Standard Time): GET : /about
Thu May 18 2017 20:55:01 GMT+0530 (India Standard Time): GET : /projects
